<?xml version="1.0" encoding="UTF-8"?>
<!-- Generated by org.testng.reporters.JUnitReportReporter -->
<testsuite hostname="bonum-hpz400workstation" failures="0" tests="2" name="com.test.Tests.SearchTest" time="0.004" errors="0" timestamp="2021-12-10T17:11:37 EET" skipped="0">
  <testcase classname="com.test.Tests.SearchTest" name="onDifferentLanguages" time="0.004"/>
  <system-out/>
  <testcase classname="com.test.Tests.SearchTest" name="run" time="0.000"/>
  <system-out/>
</testsuite> <!-- com.test.Tests.SearchTest -->
